<?xml version="1.0" encoding="UTF-8"?>
<testsuite name="com.services.catalog.atypecatalog.AtypeCatalogApplicationTests" tests="1" skipped="0" failures="0" errors="0" timestamp="2020-03-02T20:13:34" hostname="Ilyas-MacBook-Pro.local" time="0.539">
  <properties/>
  <testcase name="contextLoads()" classname="com.services.catalog.atypecatalog.AtypeCatalogApplicationTests" time="0.539"/>
  <system-out><![CDATA[23:13:29.378 [Test worker] DEBUG org.springframework.test.context.BootstrapUtils - Instantiating CacheAwareContextLoaderDelegate from class [org.springframework.test.context.cache.DefaultCacheAwareContextLoaderDelegate]
23:13:29.393 [Test worker] DEBUG org.springframework.test.context.BootstrapUtils - Instantiating BootstrapContext using constructor [public org.springframework.test.context.support.DefaultBootstrapContext(java.lang.Class,org.springframework.test.context.CacheAwareContextLoaderDelegate)]
23:13:29.421 [Test worker] DEBUG org.springframework.test.context.BootstrapUtils - Instantiating TestContextBootstrapper for test class [com.services.catalog.atypecatalog.AtypeCatalogApplicationTests] from class [org.springframework.boot.test.context.SpringBootTestContextBootstrapper]
23:13:29.439 [Test worker] INFO org.springframework.boot.test.context.SpringBootTestContextBootstrapper - Neither @ContextConfiguration nor @ContextHierarchy found for test class [com.services.catalog.atypecatalog.AtypeCatalogApplicationTests], using SpringBootContextLoader
23:13:29.442 [Test worker] DEBUG org.springframework.test.context.support.AbstractContextLoader - Did not detect default resource location for test class [com.services.catalog.atypecatalog.AtypeCatalogApplicationTests]: class path resource [com/services/catalog/atypecatalog/AtypeCatalogApplicationTests-context.xml] does not exist
23:13:29.443 [Test worker] DEBUG org.springframework.test.context.support.AbstractContextLoader - Did not detect default resource location for test class [com.services.catalog.atypecatalog.AtypeCatalogApplicationTests]: class path resource [com/services/catalog/atypecatalog/AtypeCatalogApplicationTestsContext.groovy] does not exist
23:13:29.443 [Test worker] INFO org.springframework.test.context.support.AbstractContextLoader - Could not detect default resource locations for test class [com.services.catalog.atypecatalog.AtypeCatalogApplicationTests]: no resource found for suffixes {-context.xml, Context.groovy}.
23:13:29.444 [Test worker] INFO org.springframework.test.context.support.AnnotationConfigContextLoaderUtils - Could not detect default configuration classes for test class [com.services.catalog.atypecatalog.AtypeCatalogApplicationTests]: AtypeCatalogApplicationTests does not declare any static, non-private, non-final, nested classes annotated with @Configuration.
23:13:29.489 [Test worker] DEBUG org.springframework.test.context.support.ActiveProfilesUtils - Could not find an 'annotation declaring class' for annotation type [org.springframework.test.context.ActiveProfiles] and class [com.services.catalog.atypecatalog.AtypeCatalogApplicationTests]
23:13:29.556 [Test worker] DEBUG org.springframework.context.annotation.ClassPathScanningCandidateComponentProvider - Identified candidate component class: file [/Users/ilya/Documents/git_repository/spring-cloud/atype-catalog/build/classes/java/main/com/services/catalog/atypecatalog/AtypeCatalogApplication.class]
23:13:29.556 [Test worker] INFO org.springframework.boot.test.context.SpringBootTestContextBootstrapper - Found @SpringBootConfiguration com.services.catalog.atypecatalog.AtypeCatalogApplication for test class com.services.catalog.atypecatalog.AtypeCatalogApplicationTests
23:13:29.670 [Test worker] DEBUG org.springframework.boot.test.context.SpringBootTestContextBootstrapper - @TestExecutionListeners is not present for class [com.services.catalog.atypecatalog.AtypeCatalogApplicationTests]: using defaults.
23:13:29.671 [Test worker] INFO org.springframework.boot.test.context.SpringBootTestContextBootstrapper - Loaded default TestExecutionListener class names from location [META-INF/spring.factories]: [org.springframework.boot.test.autoconfigure.restdocs.RestDocsTestExecutionListener, org.springframework.boot.test.autoconfigure.web.client.MockRestServiceServerResetTestExecutionListener, org.springframework.boot.test.autoconfigure.web.servlet.MockMvcPrintOnlyOnFailureTestExecutionListener, org.springframework.boot.test.autoconfigure.web.servlet.WebDriverTestExecutionListener, org.springframework.boot.test.mock.mockito.MockitoTestExecutionListener, org.springframework.boot.test.mock.mockito.ResetMocksTestExecutionListener, org.springframework.test.context.web.ServletTestExecutionListener, org.springframework.test.context.support.DirtiesContextBeforeModesTestExecutionListener, org.springframework.test.context.support.DependencyInjectionTestExecutionListener, org.springframework.test.context.support.DirtiesContextTestExecutionListener, org.springframework.test.context.transaction.TransactionalTestExecutionListener, org.springframework.test.context.jdbc.SqlScriptsTestExecutionListener, org.springframework.test.context.event.EventPublishingTestExecutionListener]
23:13:29.691 [Test worker] INFO org.springframework.boot.test.context.SpringBootTestContextBootstrapper - Using TestExecutionListeners: [org.springframework.test.context.web.ServletTestExecutionListener@397a29c4, org.springframework.test.context.support.DirtiesContextBeforeModesTestExecutionListener@50bb2e72, org.springframework.boot.test.mock.mockito.MockitoTestExecutionListener@4d7346de, org.springframework.boot.test.autoconfigure.SpringBootDependencyInjectionTestExecutionListener@33d622e, org.springframework.test.context.support.DirtiesContextTestExecutionListener@6be15f84, org.springframework.test.context.transaction.TransactionalTestExecutionListener@62a03434, org.springframework.test.context.jdbc.SqlScriptsTestExecutionListener@3532cb08, org.springframework.test.context.event.EventPublishingTestExecutionListener@5df6e392, org.springframework.boot.test.autoconfigure.restdocs.RestDocsTestExecutionListener@3c0a8ad7, org.springframework.boot.test.autoconfigure.web.client.MockRestServiceServerResetTestExecutionListener@5f6808f6, org.springframework.boot.test.autoconfigure.web.servlet.MockMvcPrintOnlyOnFailureTestExecutionListener@7c21f298, org.springframework.boot.test.autoconfigure.web.servlet.WebDriverTestExecutionListener@162174fd, org.springframework.boot.test.mock.mockito.ResetMocksTestExecutionListener@7e9518dc]
23:13:29.694 [Test worker] DEBUG org.springframework.test.context.support.AbstractDirtiesContextTestExecutionListener - Before test class: context [DefaultTestContext@1931eda testClass = AtypeCatalogApplicationTests, testInstance = [null], testMethod = [null], testException = [null], mergedContextConfiguration = [WebMergedContextConfiguration@799e0a96 testClass = AtypeCatalogApplicationTests, locations = '{}', classes = '{class com.services.catalog.atypecatalog.AtypeCatalogApplication}', contextInitializerClasses = '[]', activeProfiles = '{}', propertySourceLocations = '{}', propertySourceProperties = '{org.springframework.boot.test.context.SpringBootTestContextBootstrapper=true}', contextCustomizers = set[org.springframework.boot.test.autoconfigure.properties.PropertyMappingContextCustomizer@0, org.springframework.boot.test.autoconfigure.web.servlet.WebDriverContextCustomizerFactory$Customizer@4f43a90d, org.springframework.boot.test.context.filter.ExcludeFilterContextCustomizer@50a037cb, org.springframework.boot.test.json.DuplicateJsonObjectContextCustomizerFactory$DuplicateJsonObjectContextCustomizer@3206d9d0, org.springframework.boot.test.mock.mockito.MockitoContextCustomizer@0, org.springframework.boot.test.web.client.TestRestTemplateContextCustomizer@7cc89f00], resourceBasePath = 'src/main/webapp', contextLoader = 'org.springframework.boot.test.context.SpringBootContextLoader', parent = [null]], attributes = map['org.springframework.test.context.web.ServletTestExecutionListener.activateListener' -> true]], class annotated with @DirtiesContext [false] with mode [null].
23:13:29.726 [Test worker] DEBUG org.springframework.test.context.support.TestPropertySourceUtils - Adding inlined properties to environment: {spring.jmx.enabled=false, org.springframework.boot.test.context.SpringBootTestContextBootstrapper=true, server.port=-1}

  .   ____          _            __ _ _
 /\\ / ___'_ __ _ _(_)_ __  __ _ \ \ \ \
( ( )\___ | '_ | '_| | '_ \/ _` | \ \ \ \
 \\/  ___)| |_)| | | | | || (_| |  ) ) ) )
  '  |____| .__|_| |_|_| |_\__, | / / / /
 =========|_|==============|___/=/_/_/_/
 :: Spring Boot ::        (v2.2.4.RELEASE)

2020-03-02 23:13:30.464  INFO 8450 --- [    Test worker] c.c.c.ConfigServicePropertySourceLocator : Fetching config from server at : http://localhost:8888/
2020-03-02 23:13:31.254  INFO 8450 --- [    Test worker] c.c.c.ConfigServicePropertySourceLocator : Located environment: name=atype-catalog, profiles=[dev], label=null, version=81e9a28c7864e92afa2791412abf41b410edbc86, state=null
2020-03-02 23:13:31.255  INFO 8450 --- [    Test worker] b.c.PropertySourceBootstrapConfiguration : Located property source: [BootstrapPropertySource {name='bootstrapProperties-configClient'}, BootstrapPropertySource {name='bootstrapProperties-https://github.com/Erebonk/configurations/atype-catalog-dev.yml'}]
2020-03-02 23:13:31.266  INFO 8450 --- [    Test worker] c.s.c.a.AtypeCatalogApplicationTests     : The following profiles are active: dev
2020-03-02 23:13:32.132  WARN 8450 --- [    Test worker] o.s.boot.actuate.endpoint.EndpointId     : Endpoint ID 'service-registry' contains invalid characters, please migrate to a valid format.
2020-03-02 23:13:32.262  INFO 8450 --- [    Test worker] o.s.cloud.context.scope.GenericScope     : BeanFactory id=b7db16b2-9e0d-3fb5-9a05-cde4850ef9b5
2020-03-02 23:13:32.494  INFO 8450 --- [    Test worker] trationDelegate$BeanPostProcessorChecker : Bean 'org.springframework.transaction.annotation.ProxyTransactionManagementConfiguration' of type [org.springframework.transaction.annotation.ProxyTransactionManagementConfiguration] is not eligible for getting processed by all BeanPostProcessors (for example: not eligible for auto-proxying)
2020-03-02 23:13:33.058  WARN 8450 --- [    Test worker] c.n.c.sources.URLConfigurationSource     : No URLs will be polled as dynamic configuration sources.
2020-03-02 23:13:33.058  INFO 8450 --- [    Test worker] c.n.c.sources.URLConfigurationSource     : To enable URLs as dynamic configuration sources, define System property archaius.configurationSource.additionalUrls or make config.properties available on classpath.
2020-03-02 23:13:33.065  WARN 8450 --- [    Test worker] c.n.c.sources.URLConfigurationSource     : No URLs will be polled as dynamic configuration sources.
2020-03-02 23:13:33.065  INFO 8450 --- [    Test worker] c.n.c.sources.URLConfigurationSource     : To enable URLs as dynamic configuration sources, define System property archaius.configurationSource.additionalUrls or make config.properties available on classpath.
2020-03-02 23:13:33.424  INFO 8450 --- [    Test worker] o.s.s.concurrent.ThreadPoolTaskExecutor  : Initializing ExecutorService 'applicationTaskExecutor'
2020-03-02 23:13:34.424  WARN 8450 --- [    Test worker] ockingLoadBalancerClientRibbonWarnLogger : You already have RibbonLoadBalancerClient on your classpath. It will be used by default. As Spring Cloud Ribbon is in maintenance mode. We recommend switching to BlockingLoadBalancerClient instead. In order to use it, set the value of `spring.cloud.loadbalancer.ribbon.enabled` to `false` or remove spring-cloud-starter-netflix-ribbon from your project.
2020-03-02 23:13:34.521  INFO 8450 --- [    Test worker] o.s.b.a.e.web.EndpointLinksResolver      : Exposing 2 endpoint(s) beneath base path '/actuator'
2020-03-02 23:13:34.592  INFO 8450 --- [    Test worker] c.s.c.a.AtypeCatalogApplicationTests     : Started AtypeCatalogApplicationTests in 4.853 seconds (JVM running for 6.104)
]]></system-out>
  <system-err><![CDATA[]]></system-err>
</testsuite>
